[    0.000000] Initializing cgroup subsys cpuset
[    0.000000] Initializing cgroup subsys cpu
[    0.000000] Initializing cgroup subsys cpuacct
[    0.000000] Linux version 4.4.0-96-generic (buildd@lgw01-10) (gcc version 5.4.0 20160609 (Ubuntu 5.4.0-6ubuntu1~16.04.4) ) #119-Ubuntu SMP Tue Sep 12 14:59:54 UTC 2017 (Ubuntu 4.4.0-96.119-generic 4.4.83)
[    0.000000] Command line: BOOT_IMAGE=/boot/vmlinuz-4.4.0-96-generic root=LABEL=cloudimg-rootfs ro console=tty1 console=ttyS0
[    0.000000] KERNEL supported cpus:
[    0.000000]   Intel GenuineIntel
[    0.000000]   AMD AuthenticAMD
[    0.000000]   Centaur CentaurHauls
[    0.000000] x86/fpu: xstate_offset[2]:  576, xstate_sizes[2]:  256
[    0.000000] x86/fpu: Supporting XSAVE feature 0x01: 'x87 floating point registers'
[    0.000000] x86/fpu: Supporting XSAVE feature 0x02: 'SSE registers'
[    0.000000] x86/fpu: Supporting XSAVE feature 0x04: 'AVX registers'
[    0.000000] x86/fpu: Enabled xstate features 0x7, context size is 832 bytes, using 'standard' format.
[    0.000000] x86/fpu: Using 'lazy' FPU context switches.
[    0.000000] e820: BIOS-provided physical RAM map:
[    0.000000] BIOS-e820: [mem 0x0000000000000000-0x000000000009fbff] usable
[    0.000000] BIOS-e820: [mem 0x000000000009fc00-0x000000000009ffff] reserved
[    0.000000] BIOS-e820: [mem 0x00000000000f0000-0x00000000000fffff] reserved
[    0.000000] BIOS-e820: [mem 0x0000000000100000-0x000000003ffeffff] usable
[    0.000000] BIOS-e820: [mem 0x000000003fff0000-0x000000003fffffff] ACPI data
[    0.000000] BIOS-e820: [mem 0x00000000fec00000-0x00000000fec00fff] reserved
[    0.000000] BIOS-e820: [mem 0x00000000fee00000-0x00000000fee00fff] reserved
[    0.000000] BIOS-e820: [mem 0x00000000fffc0000-0x00000000ffffffff] reserved
[    0.000000] NX (Execute Disable) protection: active
[    0.000000] SMBIOS 2.5 present.
[    0.000000] Hypervisor detected: KVM
[    0.000000] e820: last_pfn = 0x3fff0 max_arch_pfn = 0x400000000
[    0.000000] MTRR: Disabled
[    0.000000] x86/PAT: MTRRs disabled, skipping PAT initialization too.
[    0.000000] CPU MTRRs all blank - virtualized system.
[    0.000000] x86/PAT: Configuration [0-7]: WB  WT  UC- UC  WB  WT  UC- UC  
[    0.000000] found SMP MP-table at [mem 0x0009fff0-0x0009ffff] mapped at [ffff88000009fff0]
[    0.000000] Scanning 1 areas for low memory corruption
[    0.000000] RAMDISK: [mem 0x36adc000-0x37565fff]
[    0.000000] ACPI: Early table checksum verification disabled
[    0.00000]] ACPI: RSDP 0x00000000000E0000 000024 (v02 VBOX  )
[    0.000000] ACPI: XSDT 0x000000003FFF0030 00003C (v01 VBOX   VBOXXSDT 00000001 ASL  00000061)
[    0.000000] ACPI: FACP 0x000000003FFF00F0 0000F4 (v04 VBOX   VBOXFACP 00000001 ASL  00000061)
[    0.000000] ACPI: DSDT 0x000000003FFF0470 0021FF (v02 VBOX   VBOXBIOS 00000002 INTL 20100528)
[    0.000000] ACPI: FACS 0x000000003FFF0200 000040
[    0.000000] ACPI: FACS 0x000000003FFF0200 000040
[    0.000000] ACPI: APIC 0x000000003FFF0240 000054 (v02 VBOX   VBOXAPIC 00000001 ASL  00000061)
[    0.000000] ACPI: SSDT 0x000000003FFF02A0 0001CC (v01 VBOX   VBOXCPUT 00000002 INTL 20100528)
[    0.000000] No NUMA configuration found
[    0.000000] Faking a node at [mem 0x0000000000000000-0x000000003ffeffff]
[    0.000000] NODE_DATA(0) allocated [mem 0x3ffeb000-0x3ffeffff]
[    0.000000] kvm-clock: Using msrs 4b564d01 and 4b564d00
[    0.000000] kvm-clock: cpu 0, msr 0:3ffe3001, primary cpu clock
[    0.000000] kvm-clock: using sched offset of 3065399884 cycles
[    0.000000] clocksource: kvm-clock: mask: 0xffffffffffffffff max_cycles: 0x1cd42e4dffb, max_idle_ns: 881590591483 ns
[    0.000000] Zone ranges:
[    0.000000]   DMA      [mem 0x0000000000001000-0x0000000000ffffff]
[    0.000000]   DMA32    [mem 0x0000000001000000-0x000000003ffeffff]
[    0.000000]   Normal   empty
[    0.000000]   Device   empty
[    0.000000] Movable zone start for each node
[    0.000000] Early memory node ranges
[    0.000000]   node   0: [mem 0x0000000000001000-0x000000000009efff]
[    0.000000]   node   0: [mem 0x0000000000100000-0x000000003ffeffff]
[    0.000000] Initmem setup node 0 [mem 0x0000000000001000-0x000000003ffeffff]
[    0.000000] ACPI: PM-Timer IO Port: 0x4008
[    0.000000] IOAPIC[0]: apic_id 1, version 32, address 0xfec00000, GSI 0-23
[    0.000000] ACPI: INT_SRC_OVR (bus 0 bus_irq 0 global_irq 2 dfl dfl)
[    0.000000] ACPI: INT_SRC_OVR (bus 0 bus_irq 9 global_irq 9 high level)
[    0.000000] Using ACPI (MADT) for SMP configuration information
[    0.000000] smpboot: Allowing 1 CPUs, 0 hotplug CPUs
[    0.000000] PM: Registered nosave memory: [mem 0x00000000-0x00000fff]
[    0.000000] PM: Registered nosave memory: [mem 0x0009f000-0x0009ffff]
[    0.000000] PM: Registered nosave memory: [mem 0x000a0000-0x000effff]
[    0.000000] PM: Registered nosave memory: [mem 0x000f0000-0x000fffff]
[    0.000000] e820: [mem 0x40000000-0xfebfffff] available for PCI devices
[    0.000000] Booting paravirtualized kernel on KVM
[    0.000000] clocksource: refined-jiffies: mask: 0xffffffff max_cycles: 0xffffffff, max_idle_ns: 7645519600211568 ns
[    0.000000] setup_percpu: NR_CPUS:512 nr_cpumask_bits:512 nr_cpu_ids:1 nr_node_ids:1
[    0.000000] PERCPU: Embedded 34 pages/cpu @ffff88003fc00000 s98328 r8192 d32744 u2097152
[    0.000000] PV qspinlock hash table entries: 256 (order: 0, 4096 bytes)
[    0.000000] Built 1 zonelists in Node order, mobility grouping on.  Total pages: 257913
[    0.000000] Policy zone: DMA32
[    0.000000] Kernel command line: BOOT_IMAGE=/boot/vmlinuz-4.4.0-96-generic root=LABEL=cloudimg-rootfs ro console=tty1 console=ttyS0
[    0.000000] PID hash table entries: 4096 (order: 3, 32768 bytes)
[    0.000000] Memory: 1001908K/1048120K available (8479K kernel code, 1294K rwdata, 3984K rodata, 1492K init, 1316K bss, 46212K reserved, 0K cma-reserved)
[    0.000000] SLUB: HWalign=64, Order=0-3, MinObjects=0, CPUs=1, Nodes=1
[    0.000000] Hierarchical RCU implementation.
[    0.000000] 	Build-time adjustment of leaf fanout to 64.
[    0.000000] 	RCU restricting CPUs from NR_CPUS=512 to nr_cpu_ids=1.
[    0.000000] RCU: Adjusting geometry for rcu_fanout_leaf=64, nr_cpu_ids=1
[    0.000000] NR_IRQS:33024 nr_irqs:256 16
[    0.000000] Console: colour VGA+ 80x25
[    0.000000] console [tty1] enabled
[    0.000000] console [ttyS0] enabled
[    0.000000] tsc: Detected 2893.406 MHz processor
[    1.386240] Calibrating delay loop (skipped) preset value.. 5786.81 BogoMIPS (lpj=11573624)
[    1.412643] pid_max: default: 32768 minimum: 301
[    1.419033] ACPI: Core revision 20150930
[    1.452492] ACPI: 2 ACPI AML tables successfully acquired and loaded
[    1.494266] Security Framework initialized
[    1.498148] Yama: becoming mindful.
[    1.498948] AppArmor: AppArmor initialized
[    1.502263] Dentry cache hash table entries: 131072 (order: 8, 1048576 bytes)
[    1.527907] Inode-cache hash table entries: 65536 (order: 7, 524288 bytes)
[    1.561605] Mount-cache hash table entries: 2048 (order: 2, 16384 bytes)
[    1.578307] Mountpoint-cache hash table entries: 2048 (order: 2, 16384 bytes)
[    1.594502] Initializing cgroup subsys io
[    1.601778] Initializing cgroup subsys memory
[    1.613325] Initializing cgroup subsys devices
[    1.618589] Initializing cgroup subsys freezer
[    1.630221] Initializing cgroup subsys net_cls
[    1.634200] Initializing cgroup subsys perf_event
[    1.661400] Initializing cgroup subsys net_prio
[    1.685325] Initializing cgroup subsys hugetlb
[    1.713077] Initializing cgroup subsys pids
[    1.737951] CPU: Physical Processor ID: 0
[    1.752720] mce: CPU supports 0 MCE banks
[    1.760332] process: using mwait in idle threads
[    1.774707] Last level iTLB entries: 4KB 512, 2MB 8, 4MB 8
[    1.821819] Last level dTLB entries: 4KB 512, 2MB 32, 4MB 32, 1GB 0
[    1.862461] Freeing SMP alternatives memory: 32K
[    1.889477] ttrace: allocating 32146 entries in 126 pages
[    2.015787] smpboot: APIC(0) Converting physical 0 to logical package 0
[    2.044078] smpboot: Max logical packages: 1
[    2.073353] x2apic enabled
[    2.137464] Switched APIC routing to physical x2apic.
[    2.207560] ..TIMER: vector=0x30 apic1=0 pin1=2 apic2=-1 pin2=-1
[    2.315066] smpboot: CPU0: Intel(R) Core(TM) i7-3520M CPU @ 2.90GHz (family: 0x6, model: 0x3a, stepping: 0x9)
[    2.390777] Performance Events: unsupported p6 CPU model 58 no PMU driver, software events only.
[    2.490990] KVM setup paravirtual spinlock
[    2.575690] x86: Booted up 1 node, 1 CPUs
[    2.607142] smpboot: Total of 1 processors activated (5786.81 BogoMIPS)
[    2.629340] devtmpfs: initialized
[    2.634523] evm: security.selinux
[    2.641692] evm: security.SMACK64
[    2.642408] evm: security.SMACK64EXEC
[    2.656645] evm: security.SMACK64TRANSMUTE
[    2.657466] evm: security.SMACK64MMAP
[    2.658278] evm: security.ima
[    2.688758] evm: security.capability
[    2.703479] clocksource: jiffies: mask: 0xffffffff max_cycles: 0xffffffff, max_idle_ns: 7645041785100000 ns
[    2.727109] futex hash table entries: 256 (order: 2, 16384 bytes)
[    2.739328] pinctrl core: initialized pinctrl subsystem
[    2.747423] RTC time: 16:12:48, date: 10/06/17
[    2.757224] NET: Registered protocol family 16
[    2.771672] cpuidle: using governor ladder
[    2.777733] cpuidle: using governor menu
[    2.801352] PCCT header not found.
[    2.808366] ACPI: bus type PCI registered
[    2.834906] acpiphp: ACPI Hot Plug PCI Controller Driver version: 0.5
[    2.843856] PCI: Using configuration type 1 for base access
[    2.848163] ACPI: Added _OSI(Module Device)
[    2.877935] ACPI: Added _OSI(Processor Device)
[    2.915756] ACPI: Added _OSI(3.0 _SCP Extensions)
[    2.916658] ACPI: Added _OSI(Processor Aggregator Device)
[    2.928990] ACPI: Executed 1 blocks of module-level executable AML code
[    2.988120] ACPI: Interpreter enabled
[    3.021386] ACPI: (supports S0 S5)
[    3.034792] ACPI: Using IOAPIC for interrupt routing
[    3.036222] PCI: Using host bridge windows from ACPI; if necessary, use "pci=nocrs" and report a bug
[    3.062071] ACPI: PCI Root Bridge [PCI0] (domain 0000 [bus 00-ff])
[    3.093622] acpi PNP0A03:00: _OSC: OS supports [ASPM ClockPM Segments MSI]
[    3.097532] acpi PNP0A03:00: _OSC: not requesting OS control; OS requires [ExtendedConfig ASPM ClockPM MSI]
[    3.105851] acpi PNP0A03:00: fail to add MMCONFIG information, can't access extended PCI configuration space under this bridge.
[    3.108480] PCI host bridge to bus 0000:00
[    3.158449] pci_bus 0000:00: root bus resource [io  0x0000-0x0cf7 window]
[    3.175913] pci_bus 0000:00: root bus resource [io  0x0d00-0xffff window]
[    3.177130] pci_bus 0000:00: root bus resource [mem 0x000a0000-0x000bffff window]
[    3.178597] pci_bus 0000:00: root bus resource [mem 0x40000000-0xffdfffff window]
[    3.191519] pci_bus 0000:00: root bus resource [bus 00-ff]
[    3.215387] pci 0000:00:01.1: legacy IDE quirk: reg 0x10: [io  0x01f0-0x01f7]
[    3.294676] pci 0000:00:01.1: legacy IDE quirk: reg 0x14: [io  0x03f6]
[    3.295846] pci 0000:00:01.1: legacy IDE quirk: reg 0x18: [io  0x0170-0x0177]
[    3.321201] pci 0000:00:01.1: legacy IDE quirk: reg 0x1c: [io  0x0376]
[    3.351120] pci 0000:00:07.0: quirk: [io  0x4000-0x403f] claimed by PIIX4 ACPI
[    3.359254] pci 0000:00:07.0: quirk: [io  0x4100-0x410f] claimed by PIIX4 SMB
[    3.379121] ACPI: PCI Interrupt Link [LNKA] (IRQs 5 9 10 *11)
[    3.392924] ACPI: PCI Interrupt Link [LNKB] (IRQs 5 9 10 *11)
[    3.423557] ACPI: PCI Interrupt Link [LNKC] (IRQs 5 9 *10 11)
[    3.434196] ACPI: PCI Interrupt Link [LNKD] (IRQs 5 *9 10 11)
[    3.453924] ACPI: Enabled 2 GPEs in block 00 to 07
[    3.463368] vgaarb: setting as boot device: PCI:0000:00:02.0
[    3.497435] vgaarb: device added: PCI:0000:00:02.0,decodes=io+mem,owns=io+mem,locks=none
[    3.502251] vgaarb: loaded
[    3.515810] vgaarb: bridge control possible 0000:00:02.0
[    3.518814] SCSI subsystem initialized
[    3.534069] ACPI: bus type USB registered
[    3.544104] usbcore: registered new interface driver usbfs
[    3.576256] usbcore: registered new interface driver hub
[    3.608022] usbcore: registered new device driver usb
[    3.609508] PCI: Using ACPI for IRQ routing
[    3.622320] NetLabel: Initializing
[    3.672881] NetLabel:  domain hash size = 128
[    3.683305] NetLabel:  protocols = UNLABELED CIPSOv4
[    3.697464] NetLabel:  unlabeled traffic allowed by default
[    3.713493] amd_nb: Cannot enumerate AMD northbridges
[    3.747814] clocksource: Switched to clocksource kvm-clock
[    3.779546] AppArmor: AppArmor Filesystem Enabled
[    3.803726] pnp: PnP ACPI init
[    3.837262] pnp: PnP ACPI: found 3 devices
[    3.871038] clocksource: acpi_pm: mask: 0xffffff max_cycles: 0xffffff, max_idle_ns: 2085701024 ns
[    3.903788] NET: Registered protocol family 2
[    3.928040] TCP established hash table entries: 8192 (order: 4, 65536 bytes)
[    3.967818] TCP bind hash table entries: 8192 (order: 5, 131072 bytes)
[    3.969467] TCP: Hash tables configured (established 8192 bind 8192)
[    3.981777] UDP hash table entries: 512 (order: 2, 16384 bytes)
[    3.991332] UDP-Lite hash table entries: 512 (order: 2, 16384 bytes)
[    3.992788] NET: Registered protocol family 1
[    3.993722] pci 0000:00:00.0: Limiting direct PCI/PCI transfers
[    3.994972] pci 0000:00:01.0: Activating ISA DMA hang workarounds
[    4.002604] Unpacking initramfs...
[    5.778627] Freeing initrd memory: 10792K
[    5.810841] RAPL PMU detected, API unit is 2^-32 Joules, 3 fixed counters 10737418240 ms ovfl timer
[    5.813974] hw unit of domain pp0-core 2^-0 Joules
[    5.830885] hw unit of domain package 2^-0 Joules
[    5.870595] hw unit of domain pp1-gpu 2^-0 Joules
[    5.878354] platform rtc_cmos: registered platform RTC device (no PNP device found)
[    5.927302] Scanning for low memory corruption every 60 seconds
[    5.971977] audit: initializing netlink subsys (disabled)
[    6.007708] audit: type=2000 audit(1507306373.413:1): initialized
[    6.009639] Initialise system trusted keyring
[    6.041260] HugeTLB registered 2 MB page size, pre-allocated 0 pages
[    6.075302] zbud: loaded
[    6.084778] VFS: Disk quotas dquot_6.6.0
[    6.094868] VFS: Dquot-cache hash table entries: 512 (order 0, 4096 bytes)
[    6.104689] squashfs: version 4.0 (2009/01/31) Phillip Lougher
[    6.115010] fuse init (API version 7.23)
[    6.130966] Key type big_key registered
[    6.136841] Allocating IMA MOK and blacklist keyrings.
[    6.145604] Key type asymmetric registered
[    6.175249] Asymmetric key parser 'x509' registered
[    6.181874] Block layer SCSI generic (bsg) driver version 0.4 loaded (major 249)
[    6.199101] io scheduler noop registered
[    6.230927] io scheduler deadline registered (default)
[    6.270974] io scheduler cfq registered
[    6.310703] pci_hotplug: PCI Hot Plug PCI Core version: 0.5
[    6.312112] pciehp: PCI Express Hot Plug Controller Driver version: 0.4
[    6.338204] ACPI: AC Adapter [AC] (on-line)
[    6.340950] input: Power Button as /devices/LNXSYSTM:00/LNXPWRBN:00/input/input0
[    6.351928] ACPI: Power Button [PWRF]
[    6.380781] input: Sleep Button as /devices/LNXSYSTM:00/LNXSLPBN:00/input/input1
[    6.414630] ACPI: Sleep Button [SLPF]
[    6.432066] ACPI: Battery Slot [BAT0] (battery present)
[    6.446437] GHES: HEST is not enabled!
[    6.463791] Serial: 8250/16550 driver, 32 ports, IRQ sharing enabled
[    6.496576] 00:02: ttyS0 at I/O 0x3f8 (irq = 4, base_baud = 115200) is a 16550A
[    6.506588] Linux agpgart interface v0.103
[    6.517835] loop: module loaded
[    6.541749] scsi host0: ata_piix
[    6.563246] scsi host1: ata_piix
[    6.582523] ata1: PATA max UDMA/33 cmd 0x1f0 ctl 0x3f6 bmdma 0xd000 irq 14
[    6.677319] ata2: PATA max UDMA/33 cmd 0x170 ctl 0x376 bmdma 0xd008 irq 15
[    6.694392] libphy: Fixed MDIO Bus: probed
[    6.708489] tun: Universal TUN/TAP device driver, 1.6
[    6.727696] tun: (C) 1999-2004 Max Krasnyansky <maxk@qualcomm.com>
[    6.754331] PPP generic driver version 2.4.2
[    6.763856] ehci_hcd: USB 2.0 'Enhanced' Host Controller (EHCI) Driver
[    6.798904] ehci-pci: EHCI PCI platform driver
[    6.799990] ehci-platform: EHCI generic platform driver
[    6.840500] ohci_hcd: USB 1.1 'Open' Host Controller (OHCI) Driver
[    6.872955] ohci-pci: OHCI PCI platform driver
[    6.897065] tsc: Refined TSC clocksource calibration: 2891.505 MHz
[    6.908149] clocksource: tsc: mask: 0xffffffffffffffff max_cycles: 0x29adea8010c, max_idle_ns: 440795314400 ns
[    6.941328] ohci-platform: OHCI generic platform driver
[    6.952685] uhci_hcd: USB Universal Host Controller Interface driver
[    6.961138] i8042: PNP: PS/2 Controller [PNP0303:PS2K,PNP0f03:PS2M] at 0x60,0x64 irq 1,12
[    6.987098] serio: i8042 KBD port at 0x60,0x64 irq 1
[    6.994596] serio: i8042 AUX port at 0x60,0x64 irq 12
[    6.996001] mousedev: PS/2 mouse device common for all mice
[    7.023653] input: AT Translated Set 2 keyboard as /devices/platform/i8042/serio0/input/input2
[    7.032660] rtc_cmos rtc_cmos: rtc core: registered rtc_cmos as rtc0
[    7.044122] rtc_cmos rtc_cmos: alarms up to one day, 114 bytes nvram
[    7.107485] i2c /dev entries driver
[    7.108541] device-mapper: uevent: version 1.0.3
[    7.121451] device-mapper: ioctl: 4.34.0-ioctl (2015-10-28) initialised: dm-devel@redhat.com
[    7.133327] ledtrig-cpu: registered to indicate activity on CPUs
[    7.135504] NET: Registered protocol family 10
[    7.144047] NET: Registered protocol family 17
[    7.174219] Key type dns_resolver registered
[    7.176018] microcode: CPU0 sig=0x306a9, pf=0x2, revision=0x19
[    7.183128] microcode: Microcode Update Driver: v2.01 <tigran@aivazian.fsnet.co.uk>, Peter Oruba
[    7.210047] registered taskstats version 1
[    7.214645] Loading compiled-in X.509 certificates
[    7.221918] Loaded X.509 cert 'Build time autogenerated kernel key: b1a6ea8776bed2812c00d8a799f968274ef48628'
[    7.232279] zswap: loaded using pool lzo/zbud
[    7.243382] Key type trusted registered
[    7.259691] Key type encrypted registered
[    7.265119] AppArmor: AppArmor sha1 policy hashing enabled
[    7.270014] ima: No TPM chip found, activating TPM-bypass!
[    7.276333] evm: HMAC attrs: 0x1
[    7.281064]   Magic number: 5:340:236
[    7.282092] rtc_cmos rtc_cmos: hash matches
[    7.282976] rtc_cmos rtc_cmos: setting system clock to 2017-10-06 16:12:53 UTC (1507306373)
[    7.284690] BIOS EDD facility v0.16 2004-Jun-25, 0 devices found
[    7.285906] EDD information not available.
[    7.287918] Freeing unused kernel memory: 1492K
[    7.290079] Write protecting the kernel read-only data: 14336k
[    7.297870] Freeing unused kernel memory: 1748K
[    7.308297] Freeing unused kernel memory: 112K
Loading, please wait...
[    7.320001] random: udevadm: uninitialized urandom read (16 bytes read, 3 bits of entropy available)
starting version 229
[    7.340013] random: systemd-udevd: uninitialized urandom read (16 bytes read, 3 bits of entropy available)
[    7.361834] random: systemd-udevd: uninitialized urandom read (16 bytes read, 3 bits of entropy available)
[    7.381305] random: udevadm: uninitialized urandom read (16 bytes read, 3 bits of entropy available)
[    7.398867] random: udevadm: uninitialized urandom read (16 bytes read, 3 bits of entropy available)
[    7.412197] random: systemd-udevd: uninitialized urandom read (16 bytes read, 3 bits of entropy available)
[    7.470013] random: udevadm: uninitialized urandom read (16 bytes read, 3 bits of entropy available)
[    7.485213] random: udevadm: uninitialized urandom read (16 bytes read, 3 bits of entropy available)
[    7.501612] random: udevadm: uninitialized urandom read (16 bytes read, 3 bits of entropy available)
[    7.545919] random: systemd-udevd: uninitialized urandom read (16 bytes read, 3 bits of entropy available)
[    7.590049] e1000: Intel(R) PRO/1000 Network Driver - version 7.3.21-k8-NAPI
[    7.599020] e1000: Copyright (c) 1999-2006 Intel Corporation.
[    7.611742] Fusion MPT base driver 3.04.20
[    7.622644] Copyright (c) 1999-2008 LSI Corporation
[    7.654908] AVX version of gcm_enc/dec engaged.
[    7.660805] AES CTR mode by8 optimization enabled
[    7.716480] Fusion MPT SPI Host driver 3.04.20
[    7.829641] input: ImExPS/2 Generic Explorer Mouse as /devices/platform/i8042/serio1/input/input4
[    8.117381] e1000 0000:00:03.0 eth0: (PCI:33MHz:32-bit) 02:20:af:b1:c6:17
[    8.164563] e1000 0000:00:03.0 eth0: Intel(R) PRO/1000 Network Connection
[    8.188274] mptbase: ioc0: Initiating bringup
[    8.260331] ioc0: LSI53C1030 A0: Capabilities={Initiator}
[    8.486312] scsi host2: ioc0: LSI53C1030 A0, FwRev=00000000h, Ports=1, MaxQ=256, IRQ=20
[    8.629594] scsi 2:0:0:0: Direct-Access     VBOX     HARDDISK         1.0  PQ: 0 ANSI: 5
[    8.662537] scsi target2:0:0: Beginning Domain Validation
[    8.722143] scsi target2:0:0: Domain Validation skipping write tests
[    8.755335] scsi target2:0:0: Ending Domain Validation
[    8.831168] scsi target2:0:0: asynchronous
[    8.876095] scsi 2:0:1:0: Direct-Access     VBOX     HARDDISK         1.0  PQ: 0 ANSI: 5
[    8.946480] scsi target2:0:1: Beginning Domain Validation
[    9.045313] scsi target2:0:1: Domain Validation skipping write tests
[    9.071546] scsi target2:0:1: Ending Domain Validation
[    9.130978] scsi target2:0:1: asynchronous
[    9.150878] sd 2:0:0:0: Attached scsi generic sg0 type 0
[    9.221637] sd 2:0:0:0: [sda] 20971520 512-byte logical blocks: (10.7 GB/10.0 GiB)
[    9.250079] e1000 0000:00:08.0 eth1: (PCI:33MHz:32-bit) 08:00:27:99:62:33
[    9.324924] e1000 0000:00:08.0 eth1: Intel(R) PRO/1000 Network Connection
[    9.411562] sd 2:0:0:0: [sda] Write Protect is off
[    9.415170] sd 2:0:1:0: Attached scsi generic sg1 type 0
[    9.425899] sd 2:0:1:0: [sdb] 20480 512-byte logical blocks: (10.5 MB/10.0 MiB)
[    9.462453] sd 2:0:0:0: [sda] Incomplete mode parameter data
[    9.472795] sd 2:0:0:0: [sda] Assuming drive cache: write through
[    9.489988] sd 2:0:1:0: [sdb] Write Protect is off
[    9.498710]  sda: sda1
[    9.504816] sd 2:0:1:0: [sdb] Incomplete mode parameter data
[    9.511058] sd 2:0:1:0: [sdb] Assuming drive cache: write through
[    9.521975] sd 2:0:0:0: [sda] Attached SCSI disk
[    9.532484] sd 2:0:1:0: [sdb] Attached SCSI disk
[    9.545436] e1000 0000:00:08.0 enp0s8: renamed from eth1
[    9.561422] e1000 0000:00:03.0 enp0s3: renamed from eth0
[   10.699257] floppy0: no floppy controllers found
Begin: Loading e[   12.075064] md: linear personality registered for level -1
ssential drivers ... [   12.107749] md: multipath personality registered for level -4
[   12.122772] md: raid0 personality registered for level 0
[   12.144199] md: raid1 personality registered for level 1
[   12.240824] raid6: sse2x1   gen()  8866 MB/s
[   12.332383] raid6: sse2x1   xor()  7008 MB/s
[   12.407873] raid6: sse2x2   gen() 10478 MB/s
[   12.495914] raid6: sse2x2   xor()  7379 MB/s
[   12.568303] raid6: sse2x4   gen() 11623 MB/s
[   12.639810] raid6: sse2x4   xor()  9365 MB/s
[   12.701433] raid6: using algorithm sse2x4 gen() 11623 MB/s
[   12.702937] raid6: .... xor() 9365 MB/s, rmw enabled
[   12.704344] raid6: using ssse3x2 recovery algorithm
[   12.715807] xor: automatically using best checksumming function:
[   12.763932]    avx       : 10829.000 MB/sec
[   12.774403] async_tx: api initialized (async)
[   12.795383] md: raid6 personality registered for level 6
[   12.816376] md: raid5 personality registered for level 5
[   12.827888] md: raid4 personality registered for level 4
[   12.849103] md: raid10 personality registered for level 10
done.
Begin: Running /scripts/init-premount ... done.
Begin: Mounting root file system ... Begin: Running /scripts/[   12.963743] Btrfs loaded
local-top ... done.
Begin: Running /scripts/loc[   13.037810] EXT4-fs (sda1): mounted filesystem with ordered data mode. Opts: (null)
al-premount ... Scanning for Btrfs filesystems
done.
Warning: fsck not present, so skipping root file system
done.
Begin: Running /scripts/local-bottom ... done.
Begin: Running /scripts/init-bottom ... done.
[   13.128584] systemd[1]: systemd 229 running in system mode. (+PAM +AUDIT +SELINUX +IMA +APPARMOR +SMACK +SYSVINIT +UTMP +LIBCRYPTSETUP +GCRYPT +GNUTLS +ACL +XZ -LZ4 +SECCOMP +BLKID +ELFUTILS +KMOD -IDN)
[   13.151981] systemd[1]: Detected virtualization oracle.
[   13.171112] systemd[1]: Detected architecture x86-64.

Welcome to [1mUbuntu 16.04.3 LTS[0m!

[   13.220950] systemd[1]: Set hostname to <ubuntu>.
[   13.292603] systemd[1]: Initializing machine ID from random generator.
[   13.351971] systemd[1]: Installed transient /etc/machine-id file.
[   13.488194] systemd[1]: Started Forward Password Requests to Wall Directory Watch.
[[0;32m  OK  [0m] Started Forward Password Requests to Wall Directory Watch.
[   13.534866] systemd[1]: Listening on Journal Socket.
[[0;32m  OK  [0m] Listening on Journal Socket.
[   13.557755] systemd[1]: Created slice System Slice.
[[0;32m  OK  [0m] Created slice System Slice.
[   13.608949] systemd[1]: Mounting Debug File System...
         Mounting Debug File System...
[   13.705915] systemd[1]: Reached target User and Group Name Lookups.
[[0;32m  OK  [0m] Reached target User and Group Name Lookups.
[   13.713021] systemd[1]: Listening on Device-mapper event daemon FIFOs.
[[0;32m  OK  [0m] Listening on Device-mapper event daemon FIFOs.
[   13.729450] systemd[1]: Starting Create list of required static device nodes for the current kernel...
         Starting Create list of required st... nodes for the current kernel...
[   13.809000] systemd[1]: Mounting POSIX Message Queue File System...
         Mounting POSIX Message Queue File System...
[   13.841118] systemd[1]: Starting Uncomplicated firewall...
         Starting Uncomplicated firewall...
[   13.894059] systemd[1]: Starting Load Kernel Modules...
         Starting Load Kernel Modules...
[   13.969254] Loading iSCSI transport class v2.0-870.
[   13.987219] systemd[1]: Created slice User and Session Slice.
[[0;32m  OK  [0m] Created slice User and Session Slice.
[   14.028133] iscsi: registered transport (tcp)
[   14.043315] systemd[1]: Reached target Slices.
[[0;32m  OK  [0m] Reached target Slices.
[   14.068288] systemd[1]: Listening on Journal Socket (/dev/log).
[[0;32m  OK  [0m] Listening on Journal Socket (/dev/log).
[   14.089809] iscsi: registered transport (iser)
[   14.105542] systemd[1]: Listening on Syslog Socket.
[[0;32m  OK  [0m] Listening on Syslog Socket.
[   14.123061] systemd[1]: Starting Set console keymap...
         Starting Set console keymap...
[   14.137802] systemd[1]: Listening on /dev/initctl Compatibility Named Pipe.
[[0;32m  OK  [0m] Listening on /dev/initctl Compatibility Named Pipe.
[   14.169778] systemd[1]: Reached target Encrypted Volumes.
[[0;32m  OK  [0m] Reached target Encrypted Volumes.
[   14.232394] systemd[1]: Listening on LVM2 metadata daemon socket.
[[0;32m  OK  [0m] Listening on LVM2 metadata daemon socket.
[   14.277043] systemd[1]: Starting Monitoring of LVM2 mirrors, snapshots etc. using dmeventd or progress polling...
         Starting Monitoring of LVM2 mirrors... dmeventd or progress polling...
[   14.345286] systemd[1]: Starting Remount Root and Kernel File Systems...
[   14.391891] random: nonblocking pool is initialized
[   14.412853] EXT4-fs (sda1): re-mounted. Opts: (null)
         Starting Remount Root and Kernel File Systems...
[   14.465250] systemd[1]: Mounting Huge Pages File System...
         Mounting Huge Pages File System...
[   14.488926] systemd[1]: Listening on udev Kernel Socket.
[[0;32m  OK  [0m] Listening on udev Kernel Socket.
[   14.544435] systemd[1]: Listening on Journal Audit Socket.
[[0;32m  OK  [0m] Listening on Journal Audit Socket.
[   14.573260] systemd[1]: Starting Journal Service...
         Starting Journal Service...
[   14.668584] systemd[1]: Listening on LVM2 poll daemon socket.
[[0;32m  OK  [0m] Listening on LVM2 poll daemon socket.
[   14.712636] systemd[1]: Set up automount Arbitrary Executable File Formats File System Automount Point.
[[0;32m  OK  [0m] Set up automount Arbitrary Executab...ats File System Automount Point.
[   14.820968] systemd[1]: Reached target Swap.
[[0;32m  OK  [0m] Reached target Swap.
[   14.844411] systemd[1]: Listening on udev Control Socket.
[[0;32m  OK  [0m] Listening on udev Control Socket.
[   14.909055] systemd[1]: Starting Nameserver information manager...
         Starting Nameserver information manager...
[   14.952564] systemd[1]: Created slice system-serial\x2dgetty.slice.
[[0;32m  OK  [0m] Created slice system-serial\x2dgetty.slice.
[   14.992562] systemd[1]: Started Trigger resolvconf update for networkd DNS.
[[0;32m  OK  [0m] Started Trigger resolvconf update for networkd DNS.
[   15.050084] systemd[1]: Mounted POSIX Message Queue File System.
[[0;32m  OK  [0m] Mounted POSIX Message Queue File System.
[   15.116647] systemd[1]: Mounted Debug File System.
[[0;32m  OK  [0m] Mounted Debug File System.
[   15.152375] systemd[1]: Mounted Huge Pages File System.
[[0;32m  OK  [0m] Mounted Huge Pages File System.
[   15.180347] systemd[1]: Started Journal Service.
[[0;32m  OK  [0m] Started Journal Service.
[[0;32m  OK  [0m] Started Create list of required sta...ce nodes for the current kernel.
[[0;32m  OK  [0m] Started Uncomplicated firewall.
[[0;32m  OK  [0m] Started Load Kernel Modules.
[[0;32m  OK  [0m] Started Set console keymap.
[[0;32m  OK  [0m] Started Remount Root and Kernel File Systems.
[[0;32m  OK  [0m] Started Nameserver information manager.
[[0;32m  OK  [0m] Started LVM2 metadata daemon.
         Starting Initial cloud-init job (pre-networking)...
         Starting udev Coldplug all Devices...
         Starting Load/Save Random Seed...
         Mounting FUSE Control File System...
         Starting Apply Kernel Variables...
         Starting Create Static Device Nodes in /dev...
         Starting Flush Journal to Persistent Storage...
[[0;32m  OK  [0m] Mounted FUSE Control File System.
[[0;32m  OK  [0m] Started Load/Save Random Seed.
[[0;32m  OK  [0m] Started Apply Kernel Variables.
[[0;32m  OK  [0m] Started Create Static Device Nodes in /dev.
[[0;32m  OK  [0m] Started udev Coldplug all Devices.
[[0;32m  OK  [0m] Started Flush Journal to Persistent Storage.
         Starting udev Kernel Device Manager...
[[0;32m  OK  [0m] Started udev Kernel Device Manager.
[[0;32m  OK  [0m] Started Dispatch Password Requests to Console Directory Watch.
[[0;32m  OK  [0m] Started Monitoring of LVM2 mirrors,...ng dmeventd or progress polling.
[[0;32m  OK  [0m] Reached target Local File Systems (Pre).
[[0;32m  OK  [0m] Reached target Local File Systems.
         Starting Tell Plymouth To Write Out Runtime Data...
         Starting Set console font and keymap...
         Starting Commit a transient machine-id on disk...
         Starting Create Volatile Files and Directories...
         Starting LSB: AppArmor initialization...
[[0;32m  OK  [0m] Started Tell Plymouth To Write Out Runtime Data.
[[0;32m  OK  [0m] Started Commit a transient machine-id on disk.
[[0;32m  OK  [0m] Started Create Volatile Files and Directories.
[   13.463725] cloud-init[445]: Cloud-init v. 0.7.9 running 'init-local' at Fri, 06 Oct 2017 16:13:02 +0000. Up 12.83 seconds.
[[0;32m  OK  [0m] Found device /dev/ttyS0.
[[0;32m  OK  [0m] Started Set console font and keymap.
[[0;32m  OK  [0m] Started Initial cloud-init job (pre-networking).
[[0;32m  OK  [0m] Listening on Load/Save RF Kill Switch Status /dev/rfkill Watch.
[[0;32m  OK  [0m] Reached target Network (Pre).
[[0;32m  OK  [0m] Created slice system-getty.slice.
         Starting Update UTMP about System Boot/Shutdown...
[[0;32m  OK  [0m] Reached target System Time Synchronized.
[[0;32m  OK  [0m] Started Update UTMP about System Boot/Shutdown.
[[0;32m  OK  [0m] Started LSB: AppArmor initialization.
         Starting Raise network interfaces...
[[0;32m  OK  [0m] Started Raise network interfaces.
[[0;32m  OK  [0m] Reached target Network.
         Starting Initial cloud-init job (metadata service crawler)...
[   16.751327] cloud-init[942]: Cloud-init v. 0.7.9 running 'init' at Fri, 06 Oct 2017 16:13:05 +0000. Up 16.13 seconds.
[   16.804494] cloud-init[942]: ci-info: ++++++++++++++++++++++++++++++++++++++Net device info++++++++++++++++++++++++++++++++++++++
[[0;32m  OK  [0m] Started Initial cloud-init job (metadata service crawler).
[[0;32m  OK  [0m] Reached target System Initialization.
[   16.858762] cloud-init[942]: ci-info: +--------+-------+----------------------------+---------------+-------+-------------------+
[   16.940943] cloud-init[942]: ci-info: | Device |   Up  |          Address           |      Mask     | Scope |     Hw-Address    |
[[0;32m  OK  [0m] Started Timer to automatically fetch and run repair assertions.
[   16.987511] [[0;32m  OK  [0m] Listening on UUID daemon activation socket.
[[0;32m  OK  [0m] Started Daily Cleanup of Temporary Directories.
cloud-init[942]: ci-info: +--------+-------+----------------------------+---------------+-------+-------------------+
         Starting LXD - unix socket.
[[0;32m  OK  [0m] Listening on ACPID Listen Socket.
[   17.078342] cloud-init[942]: ci-info: | enp0s3 |  True |         10.0.2.15          | 255.255.255.0 |   .   | 02:20:af:b1:c6:17 |
[   17.158389] cloud-init[942]: ci-info: | enp0s3 |  True | fe80::20:afff:feb1:c617/64 |       .       |  link | 02:20:af:b1:c6:17 |
         Starting Socket activation for snappy daemon.
[[0;32m  OK  [0m] Started Timer to automatically refresh installed snaps.
[   17.195214] cloud-init[942]: ci-info: | enp0s8 | False |             .              |       .       |   .   | 08:00:27:99:62:33 |
[   17.284688] cloud-init[942]: ci-info: |   lo   |  True |         127.0.0.1          |   255.0.0.0   |   .   |         .         |
[[0;32m  OK  [0m] Started ACPI Events Check.
[[0;32m  OK  [0m] Reached target Paths.
[   17.333134] cloud-init[942]: ci-info: |   lo   |  True |          ::1/128           |       .       |  host |         .         |
[   17.396521] cloud-init[942]: ci-info: +--------+-------+----------------------------+---------------+-------+-------------------+
[[0;32m  OK  [0m] Listening on D-Bus System Message Bus Socket.
[[0;32m  OK  [0m] Reached target Cloud-config availability.
[   17.451550] cloud-init[942]: ci-info: +++++++++++++++++++++++++++Route IPv4 info++++++++++++++++++++++++++++
[[0;32m  OK  [0m] Reached target Network is Online.
         Starting iSCSI initiator daemon (iscsid)...
[[0;32m  OK  [0m] Started Daily apt download activities.
[   17.507268] [[0;32m  OK  [0m] Started Daily apt upgrade and clean activities.cloud-init[942]: ci-info: +-------+-------------+----------+---------------+-----------+-------+
[   17.574445] cloud-init[942]: ci-info: | Route | Destination | Gateway  |    Genmask    | Interface | Flags |
[   17.574764] cloud-init[942]: ci-info: +-------+-------------+----------+---------------+-----------+-------+

[[0;32m  OK  [0m] Reached target Timers.[   17.579652] cloud-init[942]: ci-info: |   0   |   0.0.0.0   | 10.0.2.2 |    0.0.0.0    |   enp0s3  |   UG  |
[   17.602472] cloud-init[942]: ci-info: |   1   |   10.0.2.0  | 0.0.0.0  | 255.255.255.0 |   enp0s3  |   U   |
[   17.602698] cloud-init[942]: ci-info: +-------+-------------+----------+---------------+-----------+-------+
[   17.604021] cloud-init[942]: Generating public/private rsa key pair.

[[0;32m  OK  [0m] Listening on LXD - unix socket.
[[0;32m  OK  [0m] Listening on Socket activation for snappy daemon.
[   17.609395] cloud-init[942]: Your identification has been saved in /etc/ssh/ssh_host_rsa_key.
[   17.750884] cloud-init[942]: Your public key has been saved in /etc/ssh/ssh_host_rsa_key.pub.
[[0;32m  OK  [0m] Started iSCSI initiator daemon (iscsid).
[   17.786752] cloud-init[942]: The key fingerprint is:
[   17.824750] cloud-init[942]: SHA256:M7UvmzRKA6CdssR75pflDAGIXUcSXEzdZbqlfbu4hJY root@ubuntu-xenial
         Starting Login to default iSCSI targets...
[[0;32m  OK  [0m] Reached target Sockets.
[   17.846739] cloud-init[942]: The key's randomart image is:
[   17.904855] cloud-init[942]: +---[RSA 2048]----+
[[0;32m  OK  [0m] Reached target Basic System.
[   17.919660] cloud-init[942]: | o ++*=. . .o    |
[   17.956457] cloud-init[942]: |. o oo. . .o     |
[[0;32m  OK  [0m] Started ACPI event daemon.
[   17.978097] cloud-init[942]: |    ..    o .    |
[   17.993807] cloud-init[942]: | . o o.  . *     |
[[0;32m  OK  [0m] Started Regular background program processing daemon.
         Starting LSB: Record successful boot for GRUB...
         Starting Apply the settings specified in cloud-config...
         Starting LSB: MD monitoring daemon...
[[0;32m  OK  [0m] Started FUSE filesystem for LXC.
         Starting /etc/rc.local Compatibility...
         Starting System Logging Service...
[[0;32m  OK  [0m] Started Unattended Upgrades Shutdown.
         Starting LXD - container startup/shutdown...
         Starting Accounts Service...
         Starting Snappy daemon...
         Starting Login Service...
         Starting Pollinate to seed the pseudo random number generator...
[[0;32m  OK  [0m] Started Deferred execution scheduler.
[[0;32m  OK  [0m] Started D-Bus System Message Bus.
[   18.014890] cloud-init[942]: |  = o ..S + . .  |
[   18.294282] cloud-init[942]: | . +  ...o + . . |
[   18.309161] cloud-init[942]: |  o o  *o E o .  |
[   18.311408] cloud-init[942]: |   +  o.o= * . . |
[   18.320529] cloud-init[942]: |    ..  . o o..  |
[   18.332425] cloud-init[942]: +----[SHA256]-----+
[[0;32m  OK  [0m] Started System Logging Service.
[[0;32m  OK  [0m] Started /etc/rc.local Compatibility.
[[0;32m  OK  [0m] Started LXD - container startup/shutdown.
[   18.348149] cloud-init[942]: Generating public/private dsa key pair.
[   18.385555] cloud-init[942]: Your identification has been saved in /etc/ssh/ssh_host_dsa_key.
[[0;32m  OK  [0m[   18.444281] cloud-init[942]: Your public key has been saved in /etc/ssh/ssh_host_dsa_key.pub.
[   18.444335] cloud-init[942]: The key fingerprint is:
[   18.444373] cloud-init[942]: SHA256:vDFu9+8f0YwkX99G/pQXj5Yc5S5aUaN7pvp7XTNW08I root@ubuntu-xenial
[   18.444407] cloud-init[942]: The key's randomart image is:
[   18.444441] cloud-init[942]: +---[DSA 1024]----+
[   18.444477] cloud-init[942]: |               .o|
[   18.444510] cloud-init[942]: |              .+.|
[   18.444544] cloud-init[942]: |            .o+.=|
[   18.444577] cloud-init[942]: |       .     =E&X|
[   18.444614] cloud-init[942]: |        S    .X*#|
[   18.444647] cloud-init[942]: |       . +   ++B=|
[   18.444681] cloud-init[942]: |        + . ....*|
[   18.444716] cloud-init[942]: |       . . ..  .o|
[   18.444749] cloud-init[942]: |           .o==..|
[   18.444783] cloud-init[942]: +----[SHA256]-----+
[   18.444816] cloud-init[942]: Generating public/private ecdsa key pair.
[   18.444851] cloud-init[942]: Your identification has been saved in /etc/ssh/ssh_host_ecdsa_key.
[   18.444885] cloud-init[942]: Your public key has been saved in /etc/ssh/ssh_host_ecdsa_key.pub.
[   18.444920] cloud-init[942]: The key fingerprint is:
[   18.444953] cloud-init[942]: SHA256:XdMXTabFmxVHWEhZMlz4yiXWlrQjmiW+w0b26XDm4o4 root@ubuntu-xenial
[   18.444987] cloud-init[942]: The key's randomart image is:
[   18.445023] cloud-init[942]: +---[ECDSA 256]---+
[   18.445057] cloud-init[942]: |             o+#%|
[   18.445093] cloud-init[942]: |             .*B*|
[   18.445127] cloud-init[942]: |            o +oB|
[   18.445161] cloud-init[942]: |         . o +oB=|
[   18.445193] cloud-init[942]: |        S o =o.=.|
[   18.445227] cloud-init[942]: |           *  o  |
[   18.445260] cloud-init[942]: |          +.oo.  |
[   18.445293] cloud-init[942]: |          .*=o   |
[   18.445328] cloud-init[942]: |         E+o+o   |
[   18.445360] cloud-init[942]: +----[SHA256]-----+
[   18.445394] cloud-init[942]: Generating public/private ed25519 key pair.
[   18.445429] cloud-init[942]: Your identification has been saved in /etc/ssh/ssh_host_ed25519_key.
[   18.445466] cloud-init[942]: Your public key has been saved in /etc/ssh/ssh_host_ed25519_key.pub.
[   18.445499] cloud-init[942]: The key fingerprint is:
[   18.445532] cloud-init[942]: SHA256:Ha45vFP/XJObSF/fK5paOgx21yMAT9I3U+AkdSQNEHs root@ubuntu-xenial
[   18.445566] cloud-init[942]: The key's randomart image is:
[   18.445598] cloud-init[942]: +--[ED25519 256]--+
[   18.445632] cloud-init[942]: |        .++**+   |
[   18.445665] cloud-init[942]: |       o o=+o.   |
[   18.445699] cloud-init[942]: |        =.oEo    |
[   18.445730] cloud-init[942]: |         =..     |
[   18.445764] cloud-init[942]: |        S + .    |
[   18.445799] cloud-init[942]: |       + +.o o  .|
[   18.445844] cloud-init[942]: |      . O..o...oo|
[   18.447043] cloud-init[942]: |        .=o +oo.B|
[   18.447359] cloud-init[942]: |        .+oo.o+=+|
[   18.447402] cloud-init[942]: +----[SHA256]-----+
] Started Login to default iSCSI targets.
[[0;32m  OK  [0m] Started LSB: Record successful boot for GRUB.
[[0;32m  OK  [0m] Started LSB: MD monitoring daemon.
[[0;32m  OK  [0m] Started Snappy daemon.
[   18.901570] cloud-init[1056]: Generating locales (this might take a while)...
         Starting Authenticate and Authorize Users to Run Privileged Tasks...
         Starting Auto import assertions from block devices...
[[0;32m  OK  [0m] Reached target Remote File Systems (Pre).
[[0;32m  OK  [0m] Reached target Remote File Systems.
         Starting Permit User Sessions...
         Starting LSB: Set the CPU Frequency Scaling governor to "ondemand"...
         Starting LSB: VirtualBox Linux Additions...
         Starting LSB: daemon to balance interrupts for SMP systems...
         Starting LSB: automatic crash report generation...
[[0;32m  OK  [0m] Started Auto import assertions from block devices.
[[0;32m  OK  [0m] Started Permit User Sessions.
[[0;32m  OK  [0m] Started Login Service.
[[0;32m  OK  [0m] Started Authenticate and Authorize Users to Run Privileged Tasks.
[[0;32m  OK  [0m] Started Accounts Service.
[[0;32m  OK  [0m] Started LSB: Set the CPU Frequency Scaling governor to "ondemand".
         Starting Terminate Plymouth Boot Screen...
         Starting Hold until boot process finishes up...
[[0;32m  OK  [0m] Started LSB: daemon to balance interrupts for SMP systems.
[[0;32m  OK  [0m] Started Terminate Plymouth Boot Screen.
[[0;32m  OK  [0m] Started Hold until boot process finishes up.
[[0;32m  OK  [0m] Started LSB: VirtualBox Linux Additions.
         Starting Set console scheme...
[[0;32m  OK  [0m] Started Serial Getty on ttyS0.
[[0;32m  OK  [0m] Started Getty on tty1.
[[0;32m  OK  [0m] Reached target Login Prompts.
[[0;32m  OK  [0m] Started LSB: automatic crash report generation.
[[0;32m  OK  [0m] Started Set console scheme.
[[0;32m  OK  [0m] Started Pollinate to seed the pseudo random number generator.
         Starting OpenBSD Secure Shell server...
[[0;32m  OK  [0m] Started OpenBSD Secure Shell server.
[[0;32m  OK  [0m] Reached target Multi-User System.
[[0;32m  OK  [0m] Reached target Graphical Interface.
         Starting Update UTMP about System Runlevel Changes...
[   20.125449] cloud-init[1056]:   en_US.UTF-8... done
[[0;32m  OK  [0m] Started Update UTMP about System Runlevel Changes.
[   20.188246] cloud-init[1056]: Generation complete.
         Stopping OpenBSD Secure Shell server...
[[0;32m  OK  [0m] Stopped OpenBSD Secure Shell server.
         Starting OpenBSD Secure Shell server...
[[0;32m  OK  [0m] Started OpenBSD Secure Shell server.
[   20.577742] cloud-init[1056]: Cloud-init v. 0.7.9 running 'modules:config' at Fri, 06 Oct 2017 16:13:08 +0000. Up 18.75 seconds.
[[0;32m  OK  [0m] Started Apply the settings specified in cloud-config.
         Starting Execute cloud user/final scripts...
ci-info: no authorized ssh keys fingerprints found for user ubuntu.
<14>Oct  6 16:13:10 ec2: 
<14>Oct  6 16:13:10 ec2: #############################################################
<14>Oct  6 16:13:10 ec2: -----BEGIN SSH HOST KEY FINGERPRINTS-----
<14>Oct  6 16:13:10 ec2: 1024 SHA256:vDFu9+8f0YwkX99G/pQXj5Yc5S5aUaN7pvp7XTNW08I root@ubuntu-xenial (DSA)
<14>Oct  6 16:13:10 ec2: 256 SHA256:XdMXTabFmxVHWEhZMlz4yiXWlrQjmiW+w0b26XDm4o4 root@ubuntu-xenial (ECDSA)
<14>Oct  6 16:13:10 ec2: 256 SHA256:Ha45vFP/XJObSF/fK5paOgx21yMAT9I3U+AkdSQNEHs root@ubuntu-xenial (ED25519)
<14>Oct  6 16:13:10 ec2: 2048 SHA256:M7UvmzRKA6CdssR75pflDAGIXUcSXEzdZbqlfbu4hJY root@ubuntu-xenial (RSA)
<14>Oct  6 16:13:10 ec2: -----END SSH HOST KEY FINGERPRINTS-----
<14>Oct  6 16:13:10 ec2: #############################################################
-----BEGIN SSH HOST KEY KEYS-----
ecdsa-sha2-nistp256 AAAAE2VjZHNhLXNoYTItbmlzdHAyNTYAAAAIbmlzdHAyNTYAAABBBD/LW9v+rvGpkpaWIAfk9fUsc7M/qOnPKgcIJkE2d05JpTsWKtBtCTBMcGxV+Z2PUbZUs1ZFJp8pUDSOpqnKG0w= root@ubuntu-xenial
ssh-ed25519 AAAAC3NzaC1lZDI1NTE5AAAAIPw4ZlIyV6bj0ff9lqiUOO4Gly9j/PMvufkRhCHdGDix root@ubuntu-xenial
ssh-rsa AAAAB3NzaC1yc2EAAAADAQABAAABAQDAG0BBcEQJ0LdeG2kmYjywPJwjKf7GAHDybvXuAppWfCNa1clg3ii93CU/Vb4MppvfatYAc3uYzq8GtIcW8b6DMUUJnt/OXur8uTcWRWDlChnxZQJsZAZL+O6ubCYIpRIB7WH07/OPwtOLuqeiT7XlbXdS082v9UZyFSPM+yseh5O2CMz7YdDS646TzG5qrLZMOtD2k6Uvx5Ehj8Zf7yBR98bUqR96x6Qa6oKeaFtnDYKES01xvM4oiiKZuVEfemb9Ls3KBrFrFvkRZ3Rw84RoT3joNBrglPMhAOidm91qZVoVgoH68FMf676dA+wbiqTKgMYveR5DQgQCv6lhRAgd root@ubuntu-xenial
-----END SSH HOST KEY KEYS-----
[   21.487812] cloud-init[1326]: Cloud-init v. 0.7.9 running 'modules:final' at Fri, 06 Oct 2017 16:13:10 +0000. Up 21.03 seconds.
[   21.509039] cloud-init[1326]: ci-info: no authorized ssh keys fingerprints found for user ubuntu.
[   21.529627] cloud-init[1326]: Cloud-init v. 0.7.9 finished at Fri, 06 Oct 2017 16:13:10 +0000. Datasource DataSourceNoCloud [seed=/dev/sdb][dsmode=net].  Up 21.47 seconds
[[0;32m  OK  [0m] Started Execute cloud user/final scripts.
[[0;32m  OK  [0m] Reached target Cloud-init target.

Ubuntu 16.04.3 LTS ubuntu-xenial ttyS0

ubuntu-xenial login: 